2021-05-13 17:29:07 [http-nio-8080-exec-1] DEBUG c.O.controller.OrderController -
				Request US002
2021-05-13 18:23:30 [main] INFO  c.O.OrderMicroServiceApplication -
				Starting OrderMicroServiceApplication using Java 15.0.1 on DESKTOP-TAEAA0R with PID 12484 (C:\Users\sande\git\Order-micro-service\Order-Micro-Service\target\classes started by sande in C:\Users\sande\git\Order-micro-service\Order-Micro-Service)
2021-05-13 18:23:30 [main] DEBUG c.O.OrderMicroServiceApplication -
				Running with Spring Boot v2.4.3, Spring v5.3.4
2021-05-13 18:23:30 [main] INFO  c.O.OrderMicroServiceApplication -
				No active profile set, falling back to default profiles: default
2021-05-13 18:23:33 [main] INFO  c.O.OrderMicroServiceApplication -
				Started OrderMicroServiceApplication in 2.89 seconds (JVM running for 3.694)
2021-05-13 18:29:26 [main] INFO  c.O.OrderMicroServiceApplication -
				Starting OrderMicroServiceApplication using Java 15.0.1 on DESKTOP-TAEAA0R with PID 14540 (C:\Users\sande\git\Order-micro-service\Order-Micro-Service\target\classes started by sande in C:\Users\sande\git\Order-micro-service\Order-Micro-Service)
2021-05-13 18:29:26 [main] DEBUG c.O.OrderMicroServiceApplication -
				Running with Spring Boot v2.4.3, Spring v5.3.4
2021-05-13 18:29:26 [main] INFO  c.O.OrderMicroServiceApplication -
				No active profile set, falling back to default profiles: default
2021-05-13 18:29:29 [main] INFO  c.O.OrderMicroServiceApplication -
				Started OrderMicroServiceApplication in 3.062 seconds (JVM running for 3.822)
2021-05-13 18:29:31 [http-nio-8080-exec-1] DEBUG c.O.controller.OrderController -
				order details from client :: Order [orderID=0, userID=US003, orderDescription=ipone X12, price=150000.0]
2021-05-13 18:29:31 [http-nio-8080-exec-1] INFO  c.O.controller.OrderController -
				order is saved in the cart
2021-05-13 18:31:03 [main] INFO  c.O.OrderMicroServiceApplication -
				Starting OrderMicroServiceApplication using Java 15.0.1 on DESKTOP-TAEAA0R with PID 8096 (C:\Users\sande\git\Order-micro-service\Order-Micro-Service\target\classes started by sande in C:\Users\sande\git\Order-micro-service\Order-Micro-Service)
2021-05-13 18:31:03 [main] DEBUG c.O.OrderMicroServiceApplication -
				Running with Spring Boot v2.4.3, Spring v5.3.4
2021-05-13 18:31:03 [main] INFO  c.O.OrderMicroServiceApplication -
				No active profile set, falling back to default profiles: default
2021-05-13 18:31:08 [main] INFO  c.O.OrderMicroServiceApplication -
				Started OrderMicroServiceApplication in 5.295 seconds (JVM running for 6.035)
2021-05-13 18:31:17 [http-nio-8080-exec-1] DEBUG c.O.controller.OrderController -
				order details from client :: Order [orderID=0, userID=US003, orderDescription=ipone X12, price=150000.0]
2021-05-13 18:31:17 [http-nio-8080-exec-1] INFO  c.O.controller.OrderController -
				order is saved in the cart
