2021-05-17 19:50:08 [main] INFO  c.O.OrderMicroServiceApplication -
				Starting OrderMicroServiceApplication using Java 15.0.1 on DESKTOP-TAEAA0R with PID 23340 (C:\Users\sande\git\Order-micro-service\Order-Micro-Service\target\classes started by sande in C:\Users\sande\git\Order-micro-service\Order-Micro-Service)
2021-05-17 19:50:08 [main] DEBUG c.O.OrderMicroServiceApplication -
				Running with Spring Boot v2.4.3, Spring v5.3.4
2021-05-17 19:50:08 [main] INFO  c.O.OrderMicroServiceApplication -
				No active profile set, falling back to default profiles: default
2021-05-17 19:54:20 [main] INFO  c.O.OrderMicroServiceApplication -
				Starting OrderMicroServiceApplication using Java 15.0.1 on DESKTOP-TAEAA0R with PID 26516 (C:\Users\sande\git\Order-micro-service\Order-Micro-Service\target\classes started by sande in C:\Users\sande\git\Order-micro-service\Order-Micro-Service)
2021-05-17 19:54:20 [main] DEBUG c.O.OrderMicroServiceApplication -
				Running with Spring Boot v2.4.3, Spring v5.3.4
2021-05-17 19:54:20 [main] INFO  c.O.OrderMicroServiceApplication -
				No active profile set, falling back to default profiles: default
2021-05-17 19:54:23 [main] INFO  c.O.OrderMicroServiceApplication -
				Started OrderMicroServiceApplication in 3.521 seconds (JVM running for 4.449)
2021-05-17 19:56:34 [restartedMain] INFO  c.O.OrderMicroServiceApplication -
				Starting OrderMicroServiceApplication using Java 15.0.1 on DESKTOP-TAEAA0R with PID 22624 (C:\Users\sande\git\Order-micro-service\Order-Micro-Service\target\classes started by sande in C:\Users\sande\git\Order-micro-service\Order-Micro-Service)
2021-05-17 19:56:34 [restartedMain] DEBUG c.O.OrderMicroServiceApplication -
				Running with Spring Boot v2.4.3, Spring v5.3.4
2021-05-17 19:56:34 [restartedMain] INFO  c.O.OrderMicroServiceApplication -
				No active profile set, falling back to default profiles: default
2021-05-17 19:56:38 [restartedMain] INFO  c.O.OrderMicroServiceApplication -
				Started OrderMicroServiceApplication in 4.561 seconds (JVM running for 5.748)
2021-05-17 19:57:21 [http-nio-8080-exec-1] DEBUG c.O.controller.OrderController -
				testing devtools....
2021-05-17 19:59:52 [http-nio-8080-exec-4] DEBUG c.O.controller.OrderController -
				testing devtools....
2021-05-17 20:00:21 [restartedMain] INFO  c.O.OrderMicroServiceApplication -
				Starting OrderMicroServiceApplication using Java 15.0.1 on DESKTOP-TAEAA0R with PID 22624 (C:\Users\sande\git\Order-micro-service\Order-Micro-Service\target\classes started by sande in C:\Users\sande\git\Order-micro-service\Order-Micro-Service)
2021-05-17 20:00:21 [restartedMain] DEBUG c.O.OrderMicroServiceApplication -
				Running with Spring Boot v2.4.3, Spring v5.3.4
2021-05-17 20:00:21 [restartedMain] INFO  c.O.OrderMicroServiceApplication -
				No active profile set, falling back to default profiles: default
2021-05-17 20:00:22 [restartedMain] INFO  c.O.OrderMicroServiceApplication -
				Started OrderMicroServiceApplication in 0.723 seconds (JVM running for 229.845)
2021-05-17 20:01:39 [restartedMain] INFO  c.O.OrderMicroServiceApplication -
				Starting OrderMicroServiceApplication using Java 15.0.1 on DESKTOP-TAEAA0R with PID 22624 (C:\Users\sande\git\Order-micro-service\Order-Micro-Service\target\classes started by sande in C:\Users\sande\git\Order-micro-service\Order-Micro-Service)
2021-05-17 20:01:39 [restartedMain] DEBUG c.O.OrderMicroServiceApplication -
				Running with Spring Boot v2.4.3, Spring v5.3.4
2021-05-17 20:01:39 [restartedMain] INFO  c.O.OrderMicroServiceApplication -
				No active profile set, falling back to default profiles: default
2021-05-17 20:06:56 [restartedMain] INFO  c.O.OrderMicroServiceApplication -
				Starting OrderMicroServiceApplication using Java 15.0.1 on DESKTOP-TAEAA0R with PID 16232 (C:\Users\sande\git\Order-micro-service\Order-Micro-Service\target\classes started by sande in C:\Users\sande\git\Order-micro-service\Order-Micro-Service)
2021-05-17 20:06:56 [restartedMain] DEBUG c.O.OrderMicroServiceApplication -
				Running with Spring Boot v2.4.3, Spring v5.3.4
2021-05-17 20:06:56 [restartedMain] INFO  c.O.OrderMicroServiceApplication -
				No active profile set, falling back to default profiles: default
2021-05-17 20:07:00 [restartedMain] INFO  c.O.OrderMicroServiceApplication -
				Started OrderMicroServiceApplication in 3.821 seconds (JVM running for 4.932)
2021-05-17 20:07:12 [http-nio-8080-exec-1] DEBUG c.O.controller.OrderController -
				testing devtools....
2021-05-17 20:08:45 [restartedMain] INFO  c.O.OrderMicroServiceApplication -
				Starting OrderMicroServiceApplication using Java 15.0.1 on DESKTOP-TAEAA0R with PID 16232 (C:\Users\sande\git\Order-micro-service\Order-Micro-Service\target\classes started by sande in C:\Users\sande\git\Order-micro-service\Order-Micro-Service)
2021-05-17 20:08:45 [restartedMain] DEBUG c.O.OrderMicroServiceApplication -
				Running with Spring Boot v2.4.3, Spring v5.3.4
2021-05-17 20:08:45 [restartedMain] INFO  c.O.OrderMicroServiceApplication -
				No active profile set, falling back to default profiles: default
2021-05-17 20:08:46 [restartedMain] INFO  c.O.OrderMicroServiceApplication -
				Started OrderMicroServiceApplication in 0.671 seconds (JVM running for 110.909)
2021-05-17 20:08:53 [restartedMain] INFO  c.O.OrderMicroServiceApplication -
				Starting OrderMicroServiceApplication using Java 15.0.1 on DESKTOP-TAEAA0R with PID 16232 (C:\Users\sande\git\Order-micro-service\Order-Micro-Service\target\classes started by sande in C:\Users\sande\git\Order-micro-service\Order-Micro-Service)
2021-05-17 20:08:53 [restartedMain] DEBUG c.O.OrderMicroServiceApplication -
				Running with Spring Boot v2.4.3, Spring v5.3.4
2021-05-17 20:08:53 [restartedMain] INFO  c.O.OrderMicroServiceApplication -
				No active profile set, falling back to default profiles: default
2021-05-17 20:08:54 [restartedMain] INFO  c.O.OrderMicroServiceApplication -
				Started OrderMicroServiceApplication in 0.568 seconds (JVM running for 119.138)
2021-05-17 20:09:02 [restartedMain] INFO  c.O.OrderMicroServiceApplication -
				Starting OrderMicroServiceApplication using Java 15.0.1 on DESKTOP-TAEAA0R with PID 16232 (C:\Users\sande\git\Order-micro-service\Order-Micro-Service\target\classes started by sande in C:\Users\sande\git\Order-micro-service\Order-Micro-Service)
2021-05-17 20:09:02 [restartedMain] DEBUG c.O.OrderMicroServiceApplication -
				Running with Spring Boot v2.4.3, Spring v5.3.4
2021-05-17 20:09:02 [restartedMain] INFO  c.O.OrderMicroServiceApplication -
				No active profile set, falling back to default profiles: default
2021-05-17 20:09:03 [restartedMain] INFO  c.O.OrderMicroServiceApplication -
				Started OrderMicroServiceApplication in 0.6 seconds (JVM running for 128.338)
2021-05-17 20:14:14 [restartedMain] INFO  c.O.OrderMicroServiceApplication -
				Starting OrderMicroServiceApplication using Java 15.0.1 on DESKTOP-TAEAA0R with PID 16232 (C:\Users\sande\git\Order-micro-service\Order-Micro-Service\target\classes started by sande in C:\Users\sande\git\Order-micro-service\Order-Micro-Service)
2021-05-17 20:14:14 [restartedMain] DEBUG c.O.OrderMicroServiceApplication -
				Running with Spring Boot v2.4.3, Spring v5.3.4
2021-05-17 20:14:14 [restartedMain] INFO  c.O.OrderMicroServiceApplication -
				No active profile set, falling back to default profiles: default
2021-05-17 20:14:15 [restartedMain] INFO  c.O.OrderMicroServiceApplication -
				Started OrderMicroServiceApplication in 0.686 seconds (JVM running for 440.332)
2021-05-17 20:14:21 [restartedMain] INFO  c.O.OrderMicroServiceApplication -
				Starting OrderMicroServiceApplication using Java 15.0.1 on DESKTOP-TAEAA0R with PID 16232 (C:\Users\sande\git\Order-micro-service\Order-Micro-Service\target\classes started by sande in C:\Users\sande\git\Order-micro-service\Order-Micro-Service)
2021-05-17 20:14:21 [restartedMain] DEBUG c.O.OrderMicroServiceApplication -
				Running with Spring Boot v2.4.3, Spring v5.3.4
2021-05-17 20:14:21 [restartedMain] INFO  c.O.OrderMicroServiceApplication -
				No active profile set, falling back to default profiles: default
2021-05-17 20:14:21 [restartedMain] INFO  c.O.OrderMicroServiceApplication -
				Started OrderMicroServiceApplication in 0.88 seconds (JVM running for 446.818)
2021-05-17 20:14:23 [http-nio-8080-exec-1] DEBUG c.O.controller.OrderController -
				testing devtools....
2021-05-17 20:53:39 [restartedMain] INFO  c.O.OrderMicroServiceApplication -
				Starting OrderMicroServiceApplication using Java 15.0.1 on DESKTOP-TAEAA0R with PID 16232 (C:\Users\sande\git\Order-micro-service\Order-Micro-Service\target\classes started by sande in C:\Users\sande\git\Order-micro-service\Order-Micro-Service)
2021-05-17 20:53:39 [restartedMain] DEBUG c.O.OrderMicroServiceApplication -
				Running with Spring Boot v2.4.3, Spring v5.3.4
2021-05-17 20:53:39 [restartedMain] INFO  c.O.OrderMicroServiceApplication -
				No active profile set, falling back to default profiles: default
2021-05-17 20:53:39 [restartedMain] INFO  c.O.OrderMicroServiceApplication -
				Started OrderMicroServiceApplication in 0.56 seconds (JVM running for 2804.672)
